<?xml version="1.0" encoding="UTF-8"?>
<testng-results skipped="0" failed="0" total="2" passed="2">
  <reporter-output>
  </reporter-output>
  <suite name="Command line suite" duration-ms="30" started-at="2017-07-18T20:25:33Z" finished-at="2017-07-18T20:25:33Z">
    <groups>
    </groups>
    <test name="Command line test" duration-ms="30" started-at="2017-07-18T20:25:33Z" finished-at="2017-07-18T20:25:33Z">
      <class name="com.learnmaven.SampleTest">
        <test-method status="PASS" signature="sampleTest()[pri:0, instance:com.learnmaven.SampleTest@49e4cb85]" name="sampleTest" duration-ms="0" started-at="2017-07-18T21:25:33Z" finished-at="2017-07-18T21:25:33Z">
          <reporter-output>
          </reporter-output>
        </test-method> <!-- sampleTest -->
      </class> <!-- com.learnmaven.SampleTest -->
      <class name="com.learnmaven.AppTest">
        <test-method status="PASS" signature="appTest()[pri:0, instance:com.learnmaven.AppTest@56cbfb61]" name="appTest" duration-ms="9" started-at="2017-07-18T21:25:33Z" finished-at="2017-07-18T21:25:33Z">
          <reporter-output>
          </reporter-output>
        </test-method> <!-- appTest -->
      </class> <!-- com.learnmaven.AppTest -->
    </test> <!-- Command line test -->
  </suite> <!-- Command line suite -->
</testng-results>
