<?xml version="1.0" encoding="UTF-8"?>
<testng-results skipped="0" failed="0" ignored="0" total="1" passed="1">
  <reporter-output>
  </reporter-output>
  <suite name="Default suite" duration-ms="47" started-at="2017-07-17T16:51:52Z" finished-at="2017-07-17T16:51:52Z">
    <groups>
    </groups>
    <test name="Default test" duration-ms="47" started-at="2017-07-17T16:51:52Z" finished-at="2017-07-17T16:51:52Z">
      <class name="com.learnmaven.SampleTest">
        <test-method status="PASS" signature="sampleTest()[pri:0, instance:com.learnmaven.SampleTest@32e6e9c3]" name="sampleTest" duration-ms="13" started-at="2017-07-17T17:51:52Z" finished-at="2017-07-17T17:51:52Z">
          <reporter-output>
          </reporter-output>
        </test-method> <!-- sampleTest -->
      </class> <!-- com.learnmaven.SampleTest -->
    </test> <!-- Default test -->
  </suite> <!-- Default suite -->
</testng-results>
